2025-11-27 09:09:36,501 DEBUG Loaded backend tkagg version 8.6.
2025-11-27 09:09:36,753 INFO Iniciando servidor TCP em 127.0.0.1:65432
2025-11-27 09:09:36,753 INFO Servidor iniciado e escutando conexões.
2025-11-27 09:09:36,753 INFO Aguardando nova conexão...
2025-11-27 09:09:59,833 INFO Nova conexão aceita de ('127.0.0.1', 58322)
2025-11-27 09:09:59,833 INFO Metadados recebidos: 00000|Contagem de caracteres|NRZ-Polar|Nenhum|CRC-32|Hamming|0.01|1000|5000|1.0|20000|80|0|5
2025-11-27 09:09:59,833 DEBUG Configurações extraídas dos metadados: {'message': '00000', 'enquadramento_type': 'Contagem de caracteres', 'mod_digital_type': 'NRZ-Polar', 'mod_portadora_type': 'Nenhum', 'detecao_erro_type': 'CRC-32', 'correcao_erro_type': 'Hamming', 'taxa_erros': 0.01, 'bit_rate': 1000, 'freq_base': 5000, 'amplitude': 1.0, 'sampling_rate': 20000, 'original_payload_len': 80, 'qam_pad': 0, 'original_message_len_bits': 5}
2025-11-27 09:09:59,833 INFO Iniciando recepção do sinal modulado (bytes)...
2025-11-27 09:09:59,934 INFO Sinal recebido: 6400 bytes
2025-11-27 09:09:59,934 INFO Sinal convertido para array numpy com 1600 amostras float32
2025-11-27 09:09:59,962 INFO Ruído adicionado ao sinal com sigma=1.224745
2025-11-27 09:09:59,962 INFO Demodulação concluída, 80 bits recuperados
2025-11-27 09:09:59,963 INFO Iniciando desenquadramento com método 'Contagem de caracteres'
2025-11-27 09:09:59,980 DEBUG deframe_char_count: entrada frame_bits len=80
2025-11-27 09:09:59,987 DEBUG deframe_char_count: payload len=8, restante len=64
2025-11-27 09:09:59,987 INFO Payload extraído do quadro com 8 bits
2025-11-27 09:09:59,988 INFO Iniciando decodificação e correção pelo código Hamming
2025-11-27 09:09:59,988 INFO Relatório Hamming: Nenhum erro de bit único detectado.
2025-11-27 09:09:59,988 INFO Tipo de detecção de erro configurado: CRC-32
2025-11-27 09:09:59,989 ERROR Erro crítico no receptor: Dados corrigidos menores que tamanho do CRC-32 (32 bits)
Traceback (most recent call last):
  File "/home/ana/Codes/TR1/Simulador-de-Camadas-de-Rede/InterfaceGUI/../Simulador/receptor.py", line 211, in run_receiver
    raise ValueError("Dados corrigidos menores que tamanho do CRC-32 (32 bits)")
ValueError: Dados corrigidos menores que tamanho do CRC-32 (32 bits)
2025-11-27 09:09:59,991 INFO Aguardando nova transmissão...
2025-11-27 09:10:00,992 INFO Aguardando nova conexão...
2025-11-27 09:10:03,113 INFO Nova conexão aceita de ('127.0.0.1', 51888)
2025-11-27 09:10:03,114 INFO Metadados recebidos: 00000|Contagem de caracteres|NRZ-Polar|Nenhum|CRC-32|Hamming|0.0|1000|5000|1.0|20000|80|0|5
2025-11-27 09:10:03,114 DEBUG Configurações extraídas dos metadados: {'message': '00000', 'enquadramento_type': 'Contagem de caracteres', 'mod_digital_type': 'NRZ-Polar', 'mod_portadora_type': 'Nenhum', 'detecao_erro_type': 'CRC-32', 'correcao_erro_type': 'Hamming', 'taxa_erros': 0.0, 'bit_rate': 1000, 'freq_base': 5000, 'amplitude': 1.0, 'sampling_rate': 20000, 'original_payload_len': 80, 'qam_pad': 0, 'original_message_len_bits': 5}
2025-11-27 09:10:03,114 INFO Iniciando recepção do sinal modulado (bytes)...
2025-11-27 09:10:03,224 INFO Sinal recebido: 6400 bytes
2025-11-27 09:10:03,224 INFO Sinal convertido para array numpy com 1600 amostras float32
2025-11-27 09:10:03,224 INFO Nenhum ruído adicionado ao sinal
2025-11-27 09:10:03,224 INFO Demodulação concluída, 80 bits recuperados
2025-11-27 09:10:03,225 INFO Iniciando desenquadramento com método 'Contagem de caracteres'
2025-11-27 09:10:03,225 DEBUG deframe_char_count: entrada frame_bits len=80
2025-11-27 09:10:03,225 DEBUG deframe_char_count: payload len=72, restante len=0
2025-11-27 09:10:03,225 INFO Payload extraído do quadro com 72 bits
2025-11-27 09:10:03,226 INFO Iniciando decodificação e correção pelo código Hamming
2025-11-27 09:10:03,226 INFO Relatório Hamming: Nenhum erro de bit único detectado.
2025-11-27 09:10:03,226 INFO Tipo de detecção de erro configurado: CRC-32
2025-11-27 09:10:03,226 INFO CRC gerado (recalculado): 00000000000000000000000000000000
2025-11-27 09:10:03,226 INFO CRC recebido: 00000000000000000000000000000000
2025-11-27 09:10:03,227 INFO Validação CRC: OK
2025-11-27 09:10:03,227 INFO Diferenças após correção (ideal vs decodificado): 0 bits diferentes
2025-11-27 09:10:03,227 INFO Mensagem final decodificada: 
2025-11-27 09:10:03,228 INFO Aguardando nova transmissão...
2025-11-27 09:10:04,228 INFO Aguardando nova conexão...
2025-11-27 09:10:10,987 INFO Nova conexão aceita de ('127.0.0.1', 51900)
2025-11-27 09:10:10,987 INFO Metadados recebidos: 00000|Contagem de caracteres|NRZ-Polar|Nenhum|CRC-32|Hamming|0.001119402985074627|1000|5000|1.0|20000|80|0|5
2025-11-27 09:10:10,987 DEBUG Configurações extraídas dos metadados: {'message': '00000', 'enquadramento_type': 'Contagem de caracteres', 'mod_digital_type': 'NRZ-Polar', 'mod_portadora_type': 'Nenhum', 'detecao_erro_type': 'CRC-32', 'correcao_erro_type': 'Hamming', 'taxa_erros': 0.001119402985074627, 'bit_rate': 1000, 'freq_base': 5000, 'amplitude': 1.0, 'sampling_rate': 20000, 'original_payload_len': 80, 'qam_pad': 0, 'original_message_len_bits': 5}
2025-11-27 09:10:10,987 INFO Iniciando recepção do sinal modulado (bytes)...
2025-11-27 09:10:11,134 INFO Sinal recebido: 6400 bytes
2025-11-27 09:10:11,134 INFO Sinal convertido para array numpy com 1600 amostras float32
2025-11-27 09:10:11,134 INFO Ruído adicionado ao sinal com sigma=0.409769
2025-11-27 09:10:11,135 INFO Demodulação concluída, 80 bits recuperados
2025-11-27 09:10:11,135 INFO Iniciando desenquadramento com método 'Contagem de caracteres'
2025-11-27 09:10:11,135 DEBUG deframe_char_count: entrada frame_bits len=80
2025-11-27 09:10:11,135 DEBUG deframe_char_count: payload len=72, restante len=0
2025-11-27 09:10:11,135 INFO Payload extraído do quadro com 72 bits
2025-11-27 09:10:11,135 INFO Iniciando decodificação e correção pelo código Hamming
2025-11-27 09:10:11,135 INFO Relatório Hamming: Nenhum erro de bit único detectado.
2025-11-27 09:10:11,135 INFO Tipo de detecção de erro configurado: CRC-32
2025-11-27 09:10:11,135 INFO CRC gerado (recalculado): 00000000000000000000000000000000
2025-11-27 09:10:11,135 INFO CRC recebido: 00000000000000000000000000000000
2025-11-27 09:10:11,135 INFO Validação CRC: OK
2025-11-27 09:10:11,135 INFO Diferenças após correção (ideal vs decodificado): 0 bits diferentes
2025-11-27 09:10:11,135 INFO Mensagem final decodificada: 
2025-11-27 09:10:11,135 INFO Aguardando nova transmissão...
2025-11-27 09:10:12,136 INFO Aguardando nova conexão...
2025-11-27 09:10:17,049 INFO Nova conexão aceita de ('127.0.0.1', 47910)
2025-11-27 09:10:17,049 INFO Metadados recebidos: 00000|Contagem de caracteres|NRZ-Polar|Nenhum|CRC-32|Hamming|0.001119402985074627|1000|5000|1.0|20000|80|0|5
2025-11-27 09:10:17,049 DEBUG Configurações extraídas dos metadados: {'message': '00000', 'enquadramento_type': 'Contagem de caracteres', 'mod_digital_type': 'NRZ-Polar', 'mod_portadora_type': 'Nenhum', 'detecao_erro_type': 'CRC-32', 'correcao_erro_type': 'Hamming', 'taxa_erros': 0.001119402985074627, 'bit_rate': 1000, 'freq_base': 5000, 'amplitude': 1.0, 'sampling_rate': 20000, 'original_payload_len': 80, 'qam_pad': 0, 'original_message_len_bits': 5}
2025-11-27 09:10:17,049 INFO Iniciando recepção do sinal modulado (bytes)...
2025-11-27 09:10:17,153 INFO Sinal recebido: 6400 bytes
2025-11-27 09:10:17,153 INFO Sinal convertido para array numpy com 1600 amostras float32
2025-11-27 09:10:17,154 INFO Ruído adicionado ao sinal com sigma=0.409769
2025-11-27 09:10:17,154 INFO Demodulação concluída, 80 bits recuperados
2025-11-27 09:10:17,154 INFO Iniciando desenquadramento com método 'Contagem de caracteres'
2025-11-27 09:10:17,154 DEBUG deframe_char_count: entrada frame_bits len=80
2025-11-27 09:10:17,154 DEBUG deframe_char_count: payload len=72, restante len=0
2025-11-27 09:10:17,154 INFO Payload extraído do quadro com 72 bits
2025-11-27 09:10:17,154 INFO Iniciando decodificação e correção pelo código Hamming
2025-11-27 09:10:17,154 INFO Relatório Hamming: 1 erro(s) de bit único corrigido(s).
2025-11-27 09:10:17,154 INFO Tipo de detecção de erro configurado: CRC-32
2025-11-27 09:10:17,154 INFO CRC gerado (recalculado): 00000000000000000000000000000000
2025-11-27 09:10:17,154 INFO CRC recebido: 00000000000000000000000000000000
2025-11-27 09:10:17,154 INFO Validação CRC: OK
2025-11-27 09:10:17,154 INFO Diferenças após correção (ideal vs decodificado): 0 bits diferentes
2025-11-27 09:10:17,154 INFO Mensagem final decodificada: 
2025-11-27 09:10:17,154 INFO Aguardando nova transmissão...
2025-11-27 09:10:18,155 INFO Aguardando nova conexão...
2025-11-27 09:10:31,662 INFO Nova conexão aceita de ('127.0.0.1', 58138)
2025-11-27 09:10:31,663 INFO Metadados recebidos: 00000|Contagem de caracteres|NRZ-Polar|Nenhum|CRC-32|Hamming|0.0026119402985074628|1000|5000|1.0|20000|80|0|5
2025-11-27 09:10:31,663 DEBUG Configurações extraídas dos metadados: {'message': '00000', 'enquadramento_type': 'Contagem de caracteres', 'mod_digital_type': 'NRZ-Polar', 'mod_portadora_type': 'Nenhum', 'detecao_erro_type': 'CRC-32', 'correcao_erro_type': 'Hamming', 'taxa_erros': 0.0026119402985074628, 'bit_rate': 1000, 'freq_base': 5000, 'amplitude': 1.0, 'sampling_rate': 20000, 'original_payload_len': 80, 'qam_pad': 0, 'original_message_len_bits': 5}
2025-11-27 09:10:31,663 INFO Iniciando recepção do sinal modulado (bytes)...
2025-11-27 09:10:31,780 INFO Sinal recebido: 6400 bytes
2025-11-27 09:10:31,781 INFO Sinal convertido para array numpy com 1600 amostras float32
2025-11-27 09:10:31,782 INFO Ruído adicionado ao sinal com sigma=0.625932
2025-11-27 09:10:31,783 INFO Demodulação concluída, 80 bits recuperados
2025-11-27 09:10:31,784 INFO Iniciando desenquadramento com método 'Contagem de caracteres'
2025-11-27 09:10:31,784 DEBUG deframe_char_count: entrada frame_bits len=80
2025-11-27 09:10:31,784 DEBUG deframe_char_count: payload len=72, restante len=0
2025-11-27 09:10:31,784 INFO Payload extraído do quadro com 72 bits
2025-11-27 09:10:31,784 INFO Iniciando decodificação e correção pelo código Hamming
2025-11-27 09:10:31,785 INFO Relatório Hamming: Nenhum erro de bit único detectado.
2025-11-27 09:10:31,785 INFO Tipo de detecção de erro configurado: CRC-32
2025-11-27 09:10:31,790 INFO CRC gerado (recalculado): 00000000000000000000000000000000
2025-11-27 09:10:31,791 INFO CRC recebido: 00000000000000000000000000000000
2025-11-27 09:10:31,791 INFO Validação CRC: OK
2025-11-27 09:10:31,791 INFO Diferenças após correção (ideal vs decodificado): 0 bits diferentes
2025-11-27 09:10:31,791 INFO Mensagem final decodificada: 
2025-11-27 09:10:31,792 INFO Aguardando nova transmissão...
2025-11-27 09:10:32,794 INFO Aguardando nova conexão...
2025-11-27 09:10:33,911 INFO Nova conexão aceita de ('127.0.0.1', 58148)
2025-11-27 09:10:33,912 INFO Metadados recebidos: 00000|Contagem de caracteres|NRZ-Polar|Nenhum|CRC-32|Hamming|0.0026119402985074628|1000|5000|1.0|20000|80|0|5
2025-11-27 09:10:33,912 DEBUG Configurações extraídas dos metadados: {'message': '00000', 'enquadramento_type': 'Contagem de caracteres', 'mod_digital_type': 'NRZ-Polar', 'mod_portadora_type': 'Nenhum', 'detecao_erro_type': 'CRC-32', 'correcao_erro_type': 'Hamming', 'taxa_erros': 0.0026119402985074628, 'bit_rate': 1000, 'freq_base': 5000, 'amplitude': 1.0, 'sampling_rate': 20000, 'original_payload_len': 80, 'qam_pad': 0, 'original_message_len_bits': 5}
2025-11-27 09:10:33,912 INFO Iniciando recepção do sinal modulado (bytes)...
2025-11-27 09:10:34,020 INFO Sinal recebido: 6400 bytes
2025-11-27 09:10:34,020 INFO Sinal convertido para array numpy com 1600 amostras float32
2025-11-27 09:10:34,021 INFO Ruído adicionado ao sinal com sigma=0.625932
2025-11-27 09:10:34,021 INFO Demodulação concluída, 80 bits recuperados
2025-11-27 09:10:34,022 INFO Iniciando desenquadramento com método 'Contagem de caracteres'
2025-11-27 09:10:34,022 DEBUG deframe_char_count: entrada frame_bits len=80
2025-11-27 09:10:34,022 DEBUG deframe_char_count: payload len=64, restante len=8
2025-11-27 09:10:34,022 INFO Payload extraído do quadro com 64 bits
2025-11-27 09:10:34,022 INFO Iniciando decodificação e correção pelo código Hamming
2025-11-27 09:10:34,022 INFO Relatório Hamming: 2 erro(s) de bit único corrigido(s).
2025-11-27 09:10:34,022 INFO Tipo de detecção de erro configurado: CRC-32
2025-11-27 09:10:34,022 INFO CRC gerado (recalculado): 00100010110010011111000000001111
2025-11-27 09:10:34,022 INFO CRC recebido: 00000000000000001110000000000000
2025-11-27 09:10:34,022 INFO Validação CRC: INVÁLIDO
2025-11-27 09:10:34,022 INFO Diferenças após correção (ideal vs decodificado): 3 bits diferentes
2025-11-27 09:10:34,022 INFO Mensagem final decodificada: ERRO: DADOS CORROMPIDOS.
2025-11-27 09:10:34,023 INFO Aguardando nova transmissão...
2025-11-27 09:10:35,023 INFO Aguardando nova conexão...
2025-11-27 09:11:01,317 INFO Nova conexão aceita de ('127.0.0.1', 45112)
2025-11-27 09:11:01,318 INFO Metadados recebidos: 00000|Contagem de caracteres|NRZ-Polar|Nenhum|CRC-32|Hamming|0.0018656716417910447|1000|5000|1.0|20000|80|0|5
2025-11-27 09:11:01,318 DEBUG Configurações extraídas dos metadados: {'message': '00000', 'enquadramento_type': 'Contagem de caracteres', 'mod_digital_type': 'NRZ-Polar', 'mod_portadora_type': 'Nenhum', 'detecao_erro_type': 'CRC-32', 'correcao_erro_type': 'Hamming', 'taxa_erros': 0.0018656716417910447, 'bit_rate': 1000, 'freq_base': 5000, 'amplitude': 1.0, 'sampling_rate': 20000, 'original_payload_len': 80, 'qam_pad': 0, 'original_message_len_bits': 5}
2025-11-27 09:11:01,318 INFO Iniciando recepção do sinal modulado (bytes)...
2025-11-27 09:11:01,426 INFO Sinal recebido: 6400 bytes
2025-11-27 09:11:01,426 INFO Sinal convertido para array numpy com 1600 amostras float32
2025-11-27 09:11:01,427 INFO Ruído adicionado ao sinal com sigma=0.529009
2025-11-27 09:11:01,427 INFO Demodulação concluída, 80 bits recuperados
2025-11-27 09:11:01,427 INFO Iniciando desenquadramento com método 'Contagem de caracteres'
2025-11-27 09:11:01,427 DEBUG deframe_char_count: entrada frame_bits len=80
2025-11-27 09:11:01,427 DEBUG deframe_char_count: payload len=64, restante len=8
2025-11-27 09:11:01,427 INFO Payload extraído do quadro com 64 bits
2025-11-27 09:11:01,427 INFO Iniciando decodificação e correção pelo código Hamming
2025-11-27 09:11:01,427 INFO Relatório Hamming: 2 erro(s) de bit único corrigido(s).
2025-11-27 09:11:01,427 INFO Tipo de detecção de erro configurado: CRC-32
2025-11-27 09:11:01,427 INFO CRC gerado (recalculado): 00000000000000000000000000000000
2025-11-27 09:11:01,427 INFO CRC recebido: 00000000000000000000000000000000
2025-11-27 09:11:01,427 INFO Validação CRC: OK
2025-11-27 09:11:01,427 INFO Diferenças após correção (ideal vs decodificado): 1 bits diferentes
2025-11-27 09:11:01,427 INFO Mensagem final decodificada: 
2025-11-27 09:11:01,427 INFO Aguardando nova transmissão...
2025-11-27 09:11:02,428 INFO Aguardando nova conexão...
2025-11-27 09:18:13,540 INFO Nova conexão aceita de ('127.0.0.1', 49466)
2025-11-27 09:18:13,540 INFO Metadados recebidos: 00000|Contagem de caracteres|NRZ-Polar|ASK|CRC-32|Hamming|0.0018656716417910447|1000|5000|1.0|20000|80|0|5
2025-11-27 09:18:13,540 DEBUG Configurações extraídas dos metadados: {'message': '00000', 'enquadramento_type': 'Contagem de caracteres', 'mod_digital_type': 'NRZ-Polar', 'mod_portadora_type': 'ASK', 'detecao_erro_type': 'CRC-32', 'correcao_erro_type': 'Hamming', 'taxa_erros': 0.0018656716417910447, 'bit_rate': 1000, 'freq_base': 5000, 'amplitude': 1.0, 'sampling_rate': 20000, 'original_payload_len': 80, 'qam_pad': 0, 'original_message_len_bits': 5}
2025-11-27 09:18:13,540 INFO Iniciando recepção do sinal modulado (bytes)...
2025-11-27 09:18:13,659 INFO Sinal recebido: 6400 bytes
2025-11-27 09:18:13,660 INFO Sinal convertido para array numpy com 1600 amostras float32
2025-11-27 09:18:13,663 INFO Ruído adicionado ao sinal com sigma=0.059145
2025-11-27 09:18:13,667 INFO Demodulação concluída, 80 bits recuperados
2025-11-27 09:18:13,667 INFO Iniciando desenquadramento com método 'Contagem de caracteres'
2025-11-27 09:18:13,667 DEBUG deframe_char_count: entrada frame_bits len=80
2025-11-27 09:18:13,667 DEBUG deframe_char_count: payload len=72, restante len=0
2025-11-27 09:18:13,667 INFO Payload extraído do quadro com 72 bits
2025-11-27 09:18:13,667 INFO Iniciando decodificação e correção pelo código Hamming
2025-11-27 09:18:13,667 INFO Relatório Hamming: Nenhum erro de bit único detectado.
2025-11-27 09:18:13,667 INFO Tipo de detecção de erro configurado: CRC-32
2025-11-27 09:18:13,667 INFO CRC gerado (recalculado): 00000000000000000000000000000000
2025-11-27 09:18:13,667 INFO CRC recebido: 00000000000000000000000000000000
2025-11-27 09:18:13,667 INFO Validação CRC: OK
2025-11-27 09:18:13,667 INFO Diferenças após correção (ideal vs decodificado): 0 bits diferentes
2025-11-27 09:18:13,667 INFO Mensagem final decodificada: 
2025-11-27 09:18:13,667 INFO Aguardando nova transmissão...
2025-11-27 09:18:14,668 INFO Aguardando nova conexão...
2025-11-27 09:18:47,609 INFO Nova conexão aceita de ('127.0.0.1', 39678)
2025-11-27 09:18:47,609 INFO Metadados recebidos: 00000|Contagem de caracteres|NRZ-Polar|ASK|CRC-32|Hamming|0.0018656716417910447|1000|5000|1.0|20000|80|0|5
2025-11-27 09:18:47,609 DEBUG Configurações extraídas dos metadados: {'message': '00000', 'enquadramento_type': 'Contagem de caracteres', 'mod_digital_type': 'NRZ-Polar', 'mod_portadora_type': 'ASK', 'detecao_erro_type': 'CRC-32', 'correcao_erro_type': 'Hamming', 'taxa_erros': 0.0018656716417910447, 'bit_rate': 1000, 'freq_base': 5000, 'amplitude': 1.0, 'sampling_rate': 20000, 'original_payload_len': 80, 'qam_pad': 0, 'original_message_len_bits': 5}
2025-11-27 09:18:47,609 INFO Iniciando recepção do sinal modulado (bytes)...
2025-11-27 09:18:47,723 INFO Sinal recebido: 6400 bytes
2025-11-27 09:18:47,724 INFO Sinal convertido para array numpy com 1600 amostras float32
2025-11-27 09:18:47,724 INFO Ruído adicionado ao sinal com sigma=0.059145
2025-11-27 09:18:47,725 INFO Demodulação concluída, 80 bits recuperados
2025-11-27 09:18:47,731 INFO Iniciando desenquadramento com método 'Contagem de caracteres'
2025-11-27 09:18:47,745 DEBUG deframe_char_count: entrada frame_bits len=80
2025-11-27 09:18:47,745 DEBUG deframe_char_count: payload len=72, restante len=0
2025-11-27 09:18:47,745 INFO Payload extraído do quadro com 72 bits
2025-11-27 09:18:47,745 INFO Iniciando decodificação e correção pelo código Hamming
2025-11-27 09:18:47,745 INFO Relatório Hamming: Nenhum erro de bit único detectado.
2025-11-27 09:18:47,749 INFO Tipo de detecção de erro configurado: CRC-32
2025-11-27 09:18:47,750 INFO CRC gerado (recalculado): 00000000000000000000000000000000
2025-11-27 09:18:47,750 INFO CRC recebido: 00000000000000000000000000000000
2025-11-27 09:18:47,750 INFO Validação CRC: OK
2025-11-27 09:18:47,750 INFO Diferenças após correção (ideal vs decodificado): 0 bits diferentes
2025-11-27 09:18:47,750 INFO Mensagem final decodificada: 
2025-11-27 09:18:47,750 INFO Aguardando nova transmissão...
2025-11-27 09:18:48,752 INFO Aguardando nova conexão...
2025-11-27 09:18:48,931 INFO Nova conexão aceita de ('127.0.0.1', 39690)
2025-11-27 09:18:48,931 INFO Metadados recebidos: 00000|Contagem de caracteres|NRZ-Polar|ASK|CRC-32|Hamming|0.0018656716417910447|1000|5000|1.0|20000|80|0|5
2025-11-27 09:18:48,931 DEBUG Configurações extraídas dos metadados: {'message': '00000', 'enquadramento_type': 'Contagem de caracteres', 'mod_digital_type': 'NRZ-Polar', 'mod_portadora_type': 'ASK', 'detecao_erro_type': 'CRC-32', 'correcao_erro_type': 'Hamming', 'taxa_erros': 0.0018656716417910447, 'bit_rate': 1000, 'freq_base': 5000, 'amplitude': 1.0, 'sampling_rate': 20000, 'original_payload_len': 80, 'qam_pad': 0, 'original_message_len_bits': 5}
2025-11-27 09:18:48,931 INFO Iniciando recepção do sinal modulado (bytes)...
2025-11-27 09:18:49,064 INFO Sinal recebido: 6400 bytes
2025-11-27 09:18:49,064 INFO Sinal convertido para array numpy com 1600 amostras float32
2025-11-27 09:18:49,067 INFO Ruído adicionado ao sinal com sigma=0.059145
2025-11-27 09:18:49,068 INFO Demodulação concluída, 80 bits recuperados
2025-11-27 09:18:49,068 INFO Iniciando desenquadramento com método 'Contagem de caracteres'
2025-11-27 09:18:49,069 DEBUG deframe_char_count: entrada frame_bits len=80
2025-11-27 09:18:49,069 DEBUG deframe_char_count: payload len=72, restante len=0
2025-11-27 09:18:49,069 INFO Payload extraído do quadro com 72 bits
2025-11-27 09:18:49,069 INFO Iniciando decodificação e correção pelo código Hamming
2025-11-27 09:18:49,069 INFO Relatório Hamming: Nenhum erro de bit único detectado.
2025-11-27 09:18:49,069 INFO Tipo de detecção de erro configurado: CRC-32
2025-11-27 09:18:49,069 INFO CRC gerado (recalculado): 00000000000000000000000000000000
2025-11-27 09:18:49,070 INFO CRC recebido: 00000000000000000000000000000000
2025-11-27 09:18:49,070 INFO Validação CRC: OK
2025-11-27 09:18:49,070 INFO Diferenças após correção (ideal vs decodificado): 0 bits diferentes
2025-11-27 09:18:49,070 INFO Mensagem final decodificada: 
2025-11-27 09:18:49,070 INFO Aguardando nova transmissão...
2025-11-27 09:18:50,071 INFO Aguardando nova conexão...
2025-11-27 09:19:26,989 INFO Nova conexão aceita de ('127.0.0.1', 39396)
2025-11-27 09:19:26,989 INFO Metadados recebidos: 00000|Contagem de caracteres|Bipolar|8-QAM|CRC-32|Hamming|0.0018656716417910447|1000|5000|1.0|20000|81|1|5
2025-11-27 09:19:26,989 DEBUG Configurações extraídas dos metadados: {'message': '00000', 'enquadramento_type': 'Contagem de caracteres', 'mod_digital_type': 'Bipolar', 'mod_portadora_type': '8-QAM', 'detecao_erro_type': 'CRC-32', 'correcao_erro_type': 'Hamming', 'taxa_erros': 0.0018656716417910447, 'bit_rate': 1000, 'freq_base': 5000, 'amplitude': 1.0, 'sampling_rate': 20000, 'original_payload_len': 81, 'qam_pad': 1, 'original_message_len_bits': 5}
2025-11-27 09:19:26,989 INFO Iniciando recepção do sinal modulado (bytes)...
2025-11-27 09:19:27,096 INFO Sinal recebido: 6480 bytes
2025-11-27 09:19:27,096 INFO Sinal convertido para array numpy com 1620 amostras float32
2025-11-27 09:19:27,097 INFO Ruído adicionado ao sinal com sigma=0.374066
2025-11-27 09:19:27,098 INFO Demodulação concluída, 81 bits recuperados
2025-11-27 09:19:27,098 INFO Bits de padding removidos após demodulação: 1 bits
2025-11-27 09:19:27,098 INFO Constelação recebida com ruído enviada para plotagem.
2025-11-27 09:19:27,098 INFO Iniciando desenquadramento com método 'Contagem de caracteres'
2025-11-27 09:19:27,098 DEBUG deframe_char_count: entrada frame_bits len=80
2025-11-27 09:19:27,098 DEBUG deframe_char_count: payload len=72, restante len=0
2025-11-27 09:19:27,098 INFO Payload extraído do quadro com 72 bits
2025-11-27 09:19:27,098 INFO Iniciando decodificação e correção pelo código Hamming
2025-11-27 09:19:27,099 INFO Relatório Hamming: Nenhum erro de bit único detectado.
2025-11-27 09:19:27,099 INFO Tipo de detecção de erro configurado: CRC-32
2025-11-27 09:19:27,099 INFO CRC gerado (recalculado): 00000000000000000000000000000000
2025-11-27 09:19:27,099 INFO CRC recebido: 00000000000000000000000000000000
2025-11-27 09:19:27,099 INFO Validação CRC: OK
2025-11-27 09:19:27,099 INFO Diferenças após correção (ideal vs decodificado): 0 bits diferentes
2025-11-27 09:19:27,099 INFO Mensagem final decodificada: 
2025-11-27 09:19:27,099 INFO Aguardando nova transmissão...
2025-11-27 09:19:28,100 INFO Aguardando nova conexão...
2025-11-27 09:19:58,997 INFO Nova conexão aceita de ('127.0.0.1', 38768)
2025-11-27 09:19:58,997 INFO Metadados recebidos: 00000|Contagem de caracteres|Bipolar|8-QAM|CRC-32|Hamming|0.0018656716417910447|1000|5000|1.0|20000|81|1|5
2025-11-27 09:19:58,997 DEBUG Configurações extraídas dos metadados: {'message': '00000', 'enquadramento_type': 'Contagem de caracteres', 'mod_digital_type': 'Bipolar', 'mod_portadora_type': '8-QAM', 'detecao_erro_type': 'CRC-32', 'correcao_erro_type': 'Hamming', 'taxa_erros': 0.0018656716417910447, 'bit_rate': 1000, 'freq_base': 5000, 'amplitude': 1.0, 'sampling_rate': 20000, 'original_payload_len': 81, 'qam_pad': 1, 'original_message_len_bits': 5}
2025-11-27 09:19:58,997 INFO Iniciando recepção do sinal modulado (bytes)...
2025-11-27 09:19:59,115 INFO Sinal recebido: 6480 bytes
2025-11-27 09:19:59,120 INFO Sinal convertido para array numpy com 1620 amostras float32
2025-11-27 09:19:59,120 INFO Ruído adicionado ao sinal com sigma=0.374066
2025-11-27 09:19:59,124 INFO Demodulação concluída, 81 bits recuperados
2025-11-27 09:19:59,126 INFO Bits de padding removidos após demodulação: 1 bits
2025-11-27 09:19:59,126 INFO Constelação recebida com ruído enviada para plotagem.
2025-11-27 09:19:59,126 INFO Iniciando desenquadramento com método 'Contagem de caracteres'
2025-11-27 09:19:59,126 DEBUG deframe_char_count: entrada frame_bits len=80
2025-11-27 09:19:59,126 DEBUG deframe_char_count: payload len=72, restante len=0
2025-11-27 09:19:59,126 INFO Payload extraído do quadro com 72 bits
2025-11-27 09:19:59,126 INFO Iniciando decodificação e correção pelo código Hamming
2025-11-27 09:19:59,126 INFO Relatório Hamming: Nenhum erro de bit único detectado.
2025-11-27 09:19:59,126 INFO Tipo de detecção de erro configurado: CRC-32
2025-11-27 09:19:59,126 INFO CRC gerado (recalculado): 00000000000000000000000000000000
2025-11-27 09:19:59,126 INFO CRC recebido: 00000000000000000000000000000000
2025-11-27 09:19:59,126 INFO Validação CRC: OK
2025-11-27 09:19:59,127 INFO Diferenças após correção (ideal vs decodificado): 0 bits diferentes
2025-11-27 09:19:59,127 INFO Mensagem final decodificada: 
2025-11-27 09:19:59,131 INFO Aguardando nova transmissão...
2025-11-27 09:20:00,132 INFO Aguardando nova conexão...
2025-11-27 09:25:43,070 INFO Nova conexão aceita de ('127.0.0.1', 33912)
2025-11-27 09:25:43,070 INFO Metadados recebidos: 00000|Contagem de caracteres|Bipolar|8-QAM|CRC-32|Hamming|0.0052238805970149255|1000|5000|1.0|20000|81|1|5
2025-11-27 09:25:43,070 DEBUG Configurações extraídas dos metadados: {'message': '00000', 'enquadramento_type': 'Contagem de caracteres', 'mod_digital_type': 'Bipolar', 'mod_portadora_type': '8-QAM', 'detecao_erro_type': 'CRC-32', 'correcao_erro_type': 'Hamming', 'taxa_erros': 0.0052238805970149255, 'bit_rate': 1000, 'freq_base': 5000, 'amplitude': 1.0, 'sampling_rate': 20000, 'original_payload_len': 81, 'qam_pad': 1, 'original_message_len_bits': 5}
2025-11-27 09:25:43,070 INFO Iniciando recepção do sinal modulado (bytes)...
2025-11-27 09:25:43,177 INFO Sinal recebido: 6480 bytes
2025-11-27 09:25:43,177 INFO Sinal convertido para array numpy com 1620 amostras float32
2025-11-27 09:25:43,178 INFO Ruído adicionado ao sinal com sigma=0.625932
2025-11-27 09:25:43,180 INFO Demodulação concluída, 81 bits recuperados
2025-11-27 09:25:43,180 INFO Bits de padding removidos após demodulação: 1 bits
2025-11-27 09:25:43,180 INFO Constelação recebida com ruído enviada para plotagem.
2025-11-27 09:25:43,180 INFO Iniciando desenquadramento com método 'Contagem de caracteres'
2025-11-27 09:25:43,180 DEBUG deframe_char_count: entrada frame_bits len=80
2025-11-27 09:25:43,180 DEBUG deframe_char_count: payload len=72, restante len=0
2025-11-27 09:25:43,180 INFO Payload extraído do quadro com 72 bits
2025-11-27 09:25:43,181 INFO Iniciando decodificação e correção pelo código Hamming
2025-11-27 09:25:43,181 INFO Relatório Hamming: Nenhum erro de bit único detectado.
2025-11-27 09:25:43,181 INFO Tipo de detecção de erro configurado: CRC-32
2025-11-27 09:25:43,181 INFO CRC gerado (recalculado): 00000000000000000000000000000000
2025-11-27 09:25:43,181 INFO CRC recebido: 00000000000000000000000000000000
2025-11-27 09:25:43,181 INFO Validação CRC: OK
2025-11-27 09:25:43,181 INFO Diferenças após correção (ideal vs decodificado): 0 bits diferentes
2025-11-27 09:25:43,181 INFO Mensagem final decodificada: 
2025-11-27 09:25:43,185 INFO Aguardando nova transmissão...
2025-11-27 09:25:44,186 INFO Aguardando nova conexão...
2025-11-27 09:25:55,525 INFO Nova conexão aceita de ('127.0.0.1', 50640)
2025-11-27 09:25:55,525 INFO Metadados recebidos: 00000|Contagem de caracteres|Bipolar|8-QAM|CRC-32|Hamming|0.1|1000|5000|1.0|20000|81|1|5
2025-11-27 09:25:55,525 DEBUG Configurações extraídas dos metadados: {'message': '00000', 'enquadramento_type': 'Contagem de caracteres', 'mod_digital_type': 'Bipolar', 'mod_portadora_type': '8-QAM', 'detecao_erro_type': 'CRC-32', 'correcao_erro_type': 'Hamming', 'taxa_erros': 0.1, 'bit_rate': 1000, 'freq_base': 5000, 'amplitude': 1.0, 'sampling_rate': 20000, 'original_payload_len': 81, 'qam_pad': 1, 'original_message_len_bits': 5}
2025-11-27 09:25:55,525 INFO Iniciando recepção do sinal modulado (bytes)...
2025-11-27 09:25:55,636 INFO Sinal recebido: 6480 bytes
2025-11-27 09:25:55,636 INFO Sinal convertido para array numpy com 1620 amostras float32
2025-11-27 09:25:55,637 INFO Ruído adicionado ao sinal com sigma=2.738613
2025-11-27 09:25:55,639 INFO Demodulação concluída, 81 bits recuperados
2025-11-27 09:25:55,639 INFO Bits de padding removidos após demodulação: 1 bits
2025-11-27 09:25:55,639 INFO Constelação recebida com ruído enviada para plotagem.
2025-11-27 09:25:55,640 INFO Iniciando desenquadramento com método 'Contagem de caracteres'
2025-11-27 09:25:55,640 DEBUG deframe_char_count: entrada frame_bits len=80
2025-11-27 09:25:55,640 DEBUG deframe_char_count: payload len=72, restante len=0
2025-11-27 09:25:55,640 INFO Payload extraído do quadro com 72 bits
2025-11-27 09:25:55,640 INFO Iniciando decodificação e correção pelo código Hamming
2025-11-27 09:25:55,640 INFO Relatório Hamming: 8 erro(s) de bit único corrigido(s).
2025-11-27 09:25:55,640 INFO Tipo de detecção de erro configurado: CRC-32
2025-11-27 09:25:55,640 INFO CRC gerado (recalculado): 11010100001100100110110110010000
2025-11-27 09:25:55,640 INFO CRC recebido: 00101101000011100100000000000000
2025-11-27 09:25:55,640 INFO Validação CRC: INVÁLIDO
2025-11-27 09:25:55,641 INFO Diferenças após correção (ideal vs decodificado): 5 bits diferentes
2025-11-27 09:25:55,641 INFO Mensagem final decodificada: ERRO: DADOS CORROMPIDOS.
2025-11-27 09:25:55,645 INFO Aguardando nova transmissão...
2025-11-27 09:25:56,646 INFO Aguardando nova conexão...
2025-11-27 09:26:08,100 INFO Nova conexão aceita de ('127.0.0.1', 33336)
2025-11-27 09:26:08,100 INFO Metadados recebidos: 00000|Contagem de caracteres|Bipolar|8-QAM|CRC-32|Hamming|0.05|1000|5000|1.0|20000|81|1|5
2025-11-27 09:26:08,100 DEBUG Configurações extraídas dos metadados: {'message': '00000', 'enquadramento_type': 'Contagem de caracteres', 'mod_digital_type': 'Bipolar', 'mod_portadora_type': '8-QAM', 'detecao_erro_type': 'CRC-32', 'correcao_erro_type': 'Hamming', 'taxa_erros': 0.05, 'bit_rate': 1000, 'freq_base': 5000, 'amplitude': 1.0, 'sampling_rate': 20000, 'original_payload_len': 81, 'qam_pad': 1, 'original_message_len_bits': 5}
2025-11-27 09:26:08,100 INFO Iniciando recepção do sinal modulado (bytes)...
2025-11-27 09:26:08,203 INFO Sinal recebido: 6480 bytes
2025-11-27 09:26:08,203 INFO Sinal convertido para array numpy com 1620 amostras float32
2025-11-27 09:26:08,204 INFO Ruído adicionado ao sinal com sigma=1.936492
2025-11-27 09:26:08,205 INFO Demodulação concluída, 81 bits recuperados
2025-11-27 09:26:08,205 INFO Bits de padding removidos após demodulação: 1 bits
2025-11-27 09:26:08,205 INFO Constelação recebida com ruído enviada para plotagem.
2025-11-27 09:26:08,205 INFO Iniciando desenquadramento com método 'Contagem de caracteres'
2025-11-27 09:26:08,205 DEBUG deframe_char_count: entrada frame_bits len=80
2025-11-27 09:26:08,205 DEBUG deframe_char_count: payload len=72, restante len=0
2025-11-27 09:26:08,205 INFO Payload extraído do quadro com 72 bits
2025-11-27 09:26:08,205 INFO Iniciando decodificação e correção pelo código Hamming
2025-11-27 09:26:08,205 INFO Relatório Hamming: 3 erro(s) de bit único corrigido(s).
2025-11-27 09:26:08,205 INFO Tipo de detecção de erro configurado: CRC-32
2025-11-27 09:26:08,205 INFO CRC gerado (recalculado): 00000000000000000000000000000000
2025-11-27 09:26:08,205 INFO CRC recebido: 00000000000000000000000000000000
2025-11-27 09:26:08,205 INFO Validação CRC: OK
2025-11-27 09:26:08,205 INFO Diferenças após correção (ideal vs decodificado): 0 bits diferentes
2025-11-27 09:26:08,206 INFO Mensagem final decodificada: 
2025-11-27 09:26:08,207 INFO Aguardando nova transmissão...
2025-11-27 09:26:09,208 INFO Aguardando nova conexão...
